2014-02-25 15:50:15.762/1.092 Oracle Coherence 12.1.2.0.0 <Info> (thread=main, member=n/a): Loaded operational configuration from "jar:file:/C:/Users/handasa/Documents/NetBeansProjects/CoherenceTest/libs/coherence.jar!/tangosol-coherence.xml"
2014-02-25 15:50:16.116/1.446 Oracle Coherence 12.1.2.0.0 <Info> (thread=main, member=n/a): Loaded operational overrides from "jar:file:/C:/Users/handasa/Documents/NetBeansProjects/CoherenceTest/libs/coherence.jar!/tangosol-coherence-override-dev.xml"
2014-02-25 15:50:16.118/1.448 Oracle Coherence 12.1.2.0.0 <D5> (thread=main, member=n/a): Optional configuration override "/tangosol-coherence-override.xml" is not specified
2014-02-25 15:50:16.128/1.458 Oracle Coherence 12.1.2.0.0 <D5> (thread=main, member=n/a): Optional configuration override "cache-factory-config.xml" is not specified
2014-02-25 15:50:16.130/1.460 Oracle Coherence 12.1.2.0.0 <D5> (thread=main, member=n/a): Optional configuration override "cache-factory-builder-config.xml" is not specified
2014-02-25 15:50:16.138/1.468 Oracle Coherence 12.1.2.0.0 <D5> (thread=main, member=n/a): Optional configuration override "/custom-mbeans.xml" is not specified

Oracle Coherence Version 12.1.2.0.0 Build 44396
 Grid Edition: Development mode
Copyright (c) 2000, 2013, Oracle and/or its affiliates. All rights reserved.

2014-02-25 15:50:17.037/2.367 Oracle Coherence GE 12.1.2.0.0 <Info> (thread=main, member=n/a): Loaded cache configuration from "file:/C:/Users/handasa/Documents/NetBeansProjects/CoherenceTest/build/resources/main/examples-cache-config.xml"
2014-02-25 15:50:18.297/3.627 Oracle Coherence GE 12.1.2.0.0 <Info> (thread=main, member=n/a): Created cache factory com.tangosol.net.ExtensibleConfigurableCacheFactory
2014-02-25 15:50:19.138/4.468 Oracle Coherence GE 12.1.2.0.0 <D4> (thread=main, member=n/a): TCMP bound to /10.2.34.8:8088 using SystemDatagramSocketProvider
2014-02-25 15:50:22.627/7.957 Oracle Coherence GE 12.1.2.0.0 <Info> (thread=Cluster, member=n/a): Created a new cluster "cluster:0xA7DB" with Member(Id=1, Timestamp=2014-02-25 15:50:19.301, Address=10.2.34.8:8088, MachineId=424, Location=site:,machine:mahanint-handasa,process:1192, Role=CoherenceServer, Edition=Grid Edition, Mode=Development, CpuCount=2, SocketCount=1)
2014-02-25 15:50:22.629/7.960 Oracle Coherence GE 12.1.2.0.0 <Info> (thread=main, member=n/a): Started cluster Name=cluster:0xA7DB

Group{Address=224.12.1.0, Port=5555, TTL=4}

MasterMemberSet(
  ThisMember=Member(Id=1, Timestamp=2014-02-25 15:50:19.301, Address=10.2.34.8:8088, MachineId=424, Location=site:,machine:mahanint-handasa,process:1192, Role=CoherenceServer)
  OldestMember=Member(Id=1, Timestamp=2014-02-25 15:50:19.301, Address=10.2.34.8:8088, MachineId=424, Location=site:,machine:mahanint-handasa,process:1192, Role=CoherenceServer)
  ActualMemberSet=MemberSet(Size=1
    Member(Id=1, Timestamp=2014-02-25 15:50:19.301, Address=10.2.34.8:8088, MachineId=424, Location=site:,machine:mahanint-handasa,process:1192, Role=CoherenceServer)
    )
  MemberId|ServiceVersion|ServiceJoined|MemberState
    1|12.1.2|2014-02-25 15:50:19.301|JOINED
  RecycleMillis=1200000
  RecycleSet=MemberSet(Size=0
    )
  )

TcpRing{Connections=[]}
IpMonitor{Addresses=0}

2014-02-25 15:50:22.689/8.019 Oracle Coherence GE 12.1.2.0.0 <D5> (thread=Invocation:Management, member=1): Service Management joined the cluster with senior service member 1
2014-02-25 15:50:22.746/8.076 Oracle Coherence GE 12.1.2.0.0 <Info> (thread=main, member=1): Loaded Reporter configuration from "jar:file:/C:/Users/handasa/Documents/NetBeansProjects/CoherenceTest/libs/coherence.jar!/reports/report-group.xml"
2014-02-25 15:50:23.293/8.624 Oracle Coherence GE 12.1.2.0.0 <Info> (thread=DistributedCache:PartitionedPofCache, member=1): Loaded POF configuration from "file:/C:/Users/handasa/Documents/NetBeansProjects/CoherenceTest/build/resources/main/pof-config.xml"
2014-02-25 15:50:23.361/8.691 Oracle Coherence GE 12.1.2.0.0 <Info> (thread=DistributedCache:PartitionedPofCache, member=1): Loaded included POF configuration from "jar:file:/C:/Users/handasa/Documents/NetBeansProjects/CoherenceTest/libs/coherence.jar!/coherence-pof-config.xml"
2014-02-25 15:50:23.553/8.883 Oracle Coherence GE 12.1.2.0.0 <D5> (thread=DistributedCache:PartitionedPofCache, member=1): Service PartitionedPofCache joined the cluster with senior service member 1
2014-02-25 15:50:23.620/8.950 Oracle Coherence GE 12.1.2.0.0 <D5> (thread=Invocation:InvocationService, member=1): Service InvocationService joined the cluster with senior service member 1
2014-02-25 15:50:23.628/8.958 Oracle Coherence GE 12.1.2.0.0 <Info> (thread=main, member=1): 
Services
  (
  ClusterService{Name=Cluster, State=(SERVICE_STARTED, STATE_JOINED), Id=0, Version=12.1.2, OldestMemberId=1}
  InvocationService{Name=Management, State=(SERVICE_STARTED), Id=1, Version=12.1.2, OldestMemberId=1}
  PartitionedCache{Name=PartitionedPofCache, State=(SERVICE_STARTED), LocalStorage=enabled, PartitionCount=257, BackupCount=1, AssignedPartitions=257, BackupPartitions=0}
  InvocationService{Name=InvocationService, State=(SERVICE_STARTED), Id=3, Version=12.1.2, OldestMemberId=1}
  )

Started DefaultCacheServer...

2014-02-25 15:50:38.597/23.927 Oracle Coherence GE 12.1.2.0.0 <D5> (thread=Cluster, member=1): Member(Id=2, Timestamp=2014-02-25 15:50:38.43, Address=10.2.34.8:8090, MachineId=424, Location=site:,machine:mahanint-handasa,process:5180, Role=TangosolExamplesContactsMyTest) joined Cluster with senior member 1
2014-02-25 15:50:38.723/24.053 Oracle Coherence GE 12.1.2.0.0 <D5> (thread=Invocation:Management, member=1): Member 2 joined Service Management with senior member 1
2014-02-25 15:50:39.559/24.889 Oracle Coherence GE 12.1.2.0.0 <D5> (thread=DistributedCache:PartitionedPofCache, member=1): Member 2 joined Service PartitionedPofCache with senior member 1
2014-02-25 15:50:39.634/24.964 Oracle Coherence GE 12.1.2.0.0 <D5> (thread=Invocation:Management, member=1): Member 2 left service Management with senior member 1
2014-02-25 15:50:39.652/24.982 Oracle Coherence GE 12.1.2.0.0 <D5> (thread=DistributedCache:PartitionedPofCache, member=1): Member 2 left service PartitionedPofCache with senior member 1
2014-02-25 15:50:39.674/25.004 Oracle Coherence GE 12.1.2.0.0 <D5> (thread=Cluster, member=1): Member(Id=2, Timestamp=2014-02-25 15:50:39.673, Address=10.2.34.8:8090, MachineId=424, Location=site:,machine:mahanint-handasa,process:5180, Role=TangosolExamplesContactsMyTest) left Cluster with senior member 1
2014-02-25 15:50:39.675/25.005 Oracle Coherence GE 12.1.2.0.0 <D5> (thread=Cluster, member=1): MemberLeft announcement from Member(Id=2, Timestamp=2014-02-25 15:50:39.673, Address=10.2.34.8:8090, MachineId=424, Location=site:,machine:mahanint-handasa,process:5180, Role=TangosolExamplesContactsMyTest)
