2014-02-25 15:56:32.289/0.986 Oracle Coherence 12.1.2.0.0 <Info> (thread=main, member=n/a): Loaded operational configuration from "jar:file:/C:/Users/handasa/Documents/NetBeansProjects/CoherenceTest/libs/coherence.jar!/tangosol-coherence.xml"
2014-02-25 15:56:32.607/1.304 Oracle Coherence 12.1.2.0.0 <Info> (thread=main, member=n/a): Loaded operational overrides from "jar:file:/C:/Users/handasa/Documents/NetBeansProjects/CoherenceTest/libs/coherence.jar!/tangosol-coherence-override-dev.xml"
2014-02-25 15:56:32.610/1.307 Oracle Coherence 12.1.2.0.0 <D5> (thread=main, member=n/a): Optional configuration override "/tangosol-coherence-override.xml" is not specified
2014-02-25 15:56:32.619/1.316 Oracle Coherence 12.1.2.0.0 <D5> (thread=main, member=n/a): Optional configuration override "cache-factory-config.xml" is not specified
2014-02-25 15:56:32.621/1.318 Oracle Coherence 12.1.2.0.0 <D5> (thread=main, member=n/a): Optional configuration override "cache-factory-builder-config.xml" is not specified
2014-02-25 15:56:32.630/1.327 Oracle Coherence 12.1.2.0.0 <D5> (thread=main, member=n/a): Optional configuration override "/custom-mbeans.xml" is not specified

Oracle Coherence Version 12.1.2.0.0 Build 44396
 Grid Edition: Development mode
Copyright (c) 2000, 2013, Oracle and/or its affiliates. All rights reserved.

2014-02-25 15:56:33.393/2.090 Oracle Coherence GE 12.1.2.0.0 <Info> (thread=main, member=n/a): Loaded cache configuration from "file:/C:/Users/handasa/Documents/NetBeansProjects/CoherenceTest/build/resources/main/examples-cache-config.xml"
2014-02-25 15:56:34.628/3.325 Oracle Coherence GE 12.1.2.0.0 <Info> (thread=main, member=n/a): Created cache factory com.tangosol.net.ExtensibleConfigurableCacheFactory
2014-02-25 15:56:35.492/4.189 Oracle Coherence GE 12.1.2.0.0 <D4> (thread=main, member=n/a): TCMP bound to /10.2.34.8:8088 using SystemDatagramSocketProvider
2014-02-25 15:56:38.981/7.678 Oracle Coherence GE 12.1.2.0.0 <Info> (thread=Cluster, member=n/a): Created a new cluster "cluster:0xA7DB" with Member(Id=1, Timestamp=2014-02-25 15:56:35.653, Address=10.2.34.8:8088, MachineId=424, Location=site:,machine:mahanint-handasa,process:5456, Role=CoherenceServer, Edition=Grid Edition, Mode=Development, CpuCount=2, SocketCount=1)
2014-02-25 15:56:38.987/7.684 Oracle Coherence GE 12.1.2.0.0 <Info> (thread=main, member=n/a): Started cluster Name=cluster:0xA7DB

Group{Address=224.12.1.0, Port=5555, TTL=4}

MasterMemberSet(
  ThisMember=Member(Id=1, Timestamp=2014-02-25 15:56:35.653, Address=10.2.34.8:8088, MachineId=424, Location=site:,machine:mahanint-handasa,process:5456, Role=CoherenceServer)
  OldestMember=Member(Id=1, Timestamp=2014-02-25 15:56:35.653, Address=10.2.34.8:8088, MachineId=424, Location=site:,machine:mahanint-handasa,process:5456, Role=CoherenceServer)
  ActualMemberSet=MemberSet(Size=1
    Member(Id=1, Timestamp=2014-02-25 15:56:35.653, Address=10.2.34.8:8088, MachineId=424, Location=site:,machine:mahanint-handasa,process:5456, Role=CoherenceServer)
    )
  MemberId|ServiceVersion|ServiceJoined|MemberState
    1|12.1.2|2014-02-25 15:56:35.653|JOINED
  RecycleMillis=1200000
  RecycleSet=MemberSet(Size=0
    )
  )

TcpRing{Connections=[]}
IpMonitor{Addresses=0}

2014-02-25 15:56:39.063/7.760 Oracle Coherence GE 12.1.2.0.0 <D5> (thread=Invocation:Management, member=1): Service Management joined the cluster with senior service member 1
2014-02-25 15:56:39.129/7.826 Oracle Coherence GE 12.1.2.0.0 <Info> (thread=main, member=1): Loaded Reporter configuration from "jar:file:/C:/Users/handasa/Documents/NetBeansProjects/CoherenceTest/libs/coherence.jar!/reports/report-group.xml"
2014-02-25 15:56:39.758/8.456 Oracle Coherence GE 12.1.2.0.0 <Info> (thread=DistributedCache:PartitionedPofCache, member=1): Loaded POF configuration from "file:/C:/Users/handasa/Documents/NetBeansProjects/CoherenceTest/build/resources/main/pof-config.xml"
2014-02-25 15:56:39.825/8.522 Oracle Coherence GE 12.1.2.0.0 <Info> (thread=DistributedCache:PartitionedPofCache, member=1): Loaded included POF configuration from "jar:file:/C:/Users/handasa/Documents/NetBeansProjects/CoherenceTest/libs/coherence.jar!/coherence-pof-config.xml"
2014-02-25 15:56:40.003/8.700 Oracle Coherence GE 12.1.2.0.0 <D5> (thread=DistributedCache:PartitionedPofCache, member=1): Service PartitionedPofCache joined the cluster with senior service member 1
2014-02-25 15:56:40.082/8.779 Oracle Coherence GE 12.1.2.0.0 <D5> (thread=Invocation:InvocationService, member=1): Service InvocationService joined the cluster with senior service member 1
2014-02-25 15:56:40.087/8.784 Oracle Coherence GE 12.1.2.0.0 <Info> (thread=main, member=1): 
Services
  (
  ClusterService{Name=Cluster, State=(SERVICE_STARTED, STATE_JOINED), Id=0, Version=12.1.2, OldestMemberId=1}
  InvocationService{Name=Management, State=(SERVICE_STARTED), Id=1, Version=12.1.2, OldestMemberId=1}
  PartitionedCache{Name=PartitionedPofCache, State=(SERVICE_STARTED), LocalStorage=enabled, PartitionCount=257, BackupCount=1, AssignedPartitions=257, BackupPartitions=0}
  InvocationService{Name=InvocationService, State=(SERVICE_STARTED), Id=3, Version=12.1.2, OldestMemberId=1}
  )

Started DefaultCacheServer...

