2014-02-25 12:07:23.419/0.671 Oracle Coherence 12.1.2.0.0 <Info> (thread=main, member=n/a): Loaded operational configuration from "jar:file:/C:/oracle_coherence/coherence/lib/coherence.jar!/tangosol-coherence.xml"
2014-02-25 12:07:23.495/0.747 Oracle Coherence 12.1.2.0.0 <Info> (thread=main, member=n/a): Loaded operational overrides from "jar:file:/C:/oracle_coherence/coherence/lib/coherence.jar!/tangosol-coherence-override-dev.xml"
2014-02-25 12:07:23.497/0.749 Oracle Coherence 12.1.2.0.0 <D5> (thread=main, member=n/a): Optional configuration override "/tangosol-coherence-override.xml" is not specified
2014-02-25 12:07:23.502/0.754 Oracle Coherence 12.1.2.0.0 <D5> (thread=main, member=n/a): Optional configuration override "cache-factory-config.xml" is not specified
2014-02-25 12:07:23.503/0.755 Oracle Coherence 12.1.2.0.0 <D5> (thread=main, member=n/a): Optional configuration override "cache-factory-builder-config.xml" is not specified
2014-02-25 12:07:23.505/0.757 Oracle Coherence 12.1.2.0.0 <D5> (thread=main, member=n/a): Optional configuration override "/custom-mbeans.xml" is not specified

Oracle Coherence Version 12.1.2.0.0 Build 44396
 Grid Edition: Development mode
Copyright (c) 2000, 2013, Oracle and/or its affiliates. All rights reserved.

2014-02-25 12:07:24.076/1.328 Oracle Coherence GE 12.1.2.0.0 <Info> (thread=main, member=n/a): Loaded cache configuration from "file:/C:/oracle_coherence/coherence/examples/java/resource/config/examples-cache-config.xml"
2014-02-25 12:07:24.943/2.195 Oracle Coherence GE 12.1.2.0.0 <Info> (thread=main, member=n/a): Created cache factory com.tangosol.net.ExtensibleConfigurableCacheFactory
2014-02-25 12:07:25.769/3.021 Oracle Coherence GE 12.1.2.0.0 <D4> (thread=main, member=n/a): TCMP bound to /10.2.34.8:8090 using SystemDatagramSocketProvider
2014-02-25 12:07:26.316/3.568 Oracle Coherence GE 12.1.2.0.0 <Info> (thread=Cluster, member=n/a): This Member(Id=2, Timestamp=2014-02-25 12:07:26.224, Address=10.2.34.8:8090, MachineId=424, Location=site:,machine:mahanint-handasa,process:5432, Role=TangosolExamplesContactsDriver, Edition=Grid Edition, Mode=Development, CpuCount=2, SocketCount=1) joined cluster "cluster:0xA7DB" with senior Member(Id=1, Timestamp=2014-02-25 12:07:05.902, Address=10.2.34.8:8088, MachineId=424, Location=site:,machine:mahanint-handasa,process:888, Role=CoherenceServer, Edition=Grid Edition, Mode=Development, CpuCount=2, SocketCount=1)
2014-02-25 12:07:26.365/3.617 Oracle Coherence GE 12.1.2.0.0 <Info> (thread=main, member=n/a): Started cluster Name=cluster:0xA7DB

Group{Address=224.12.1.0, Port=5555, TTL=4}

MasterMemberSet(
  ThisMember=Member(Id=2, Timestamp=2014-02-25 12:07:26.224, Address=10.2.34.8:8090, MachineId=424, Location=site:,machine:mahanint-handasa,process:5432, Role=TangosolExamplesContactsDriver)
  OldestMember=Member(Id=1, Timestamp=2014-02-25 12:07:05.902, Address=10.2.34.8:8088, MachineId=424, Location=site:,machine:mahanint-handasa,process:888, Role=CoherenceServer)
  ActualMemberSet=MemberSet(Size=2
    Member(Id=1, Timestamp=2014-02-25 12:07:05.902, Address=10.2.34.8:8088, MachineId=424, Location=site:,machine:mahanint-handasa,process:888, Role=CoherenceServer)
    Member(Id=2, Timestamp=2014-02-25 12:07:26.224, Address=10.2.34.8:8090, MachineId=424, Location=site:,machine:mahanint-handasa,process:5432, Role=TangosolExamplesContactsDriver)
    )
  MemberId|ServiceVersion|ServiceJoined|MemberState
    1|12.1.2|2014-02-25 12:07:05.902|JOINED,
    2|12.1.2|2014-02-25 12:07:26.224|JOINED
  RecycleMillis=1200000
  RecycleSet=MemberSet(Size=0
    )
  )

TcpRing{Connections=[1]}
IpMonitor{Addresses=0}

2014-02-25 12:07:26.447/3.699 Oracle Coherence GE 12.1.2.0.0 <D5> (thread=Invocation:Management, member=2): Service Management joined the cluster with senior service member 1
2014-02-25 12:07:26.503/3.755 Oracle Coherence GE 12.1.2.0.0 <Info> (thread=main, member=2): Loaded Reporter configuration from "jar:file:/C:/oracle_coherence/coherence/lib/coherence.jar!/reports/report-group.xml"
2014-02-25 12:07:26.967/4.220 Oracle Coherence GE 12.1.2.0.0 <Info> (thread=DistributedCache:PartitionedPofCache, member=2): Loaded POF configuration from "file:/C:/oracle_coherence/coherence/examples/java/resource/config/pof-config.xml"
2014-02-25 12:07:26.987/4.239 Oracle Coherence GE 12.1.2.0.0 <Info> (thread=DistributedCache:PartitionedPofCache, member=2): Loaded included POF configuration from "jar:file:/C:/oracle_coherence/coherence/lib/coherence.jar!/coherence-pof-config.xml"
2014-02-25 12:07:27.162/4.414 Oracle Coherence GE 12.1.2.0.0 <D5> (thread=DistributedCache:PartitionedPofCache, member=2): Service PartitionedPofCache joined the cluster with senior service member 1
2014-02-25 12:07:53.860/31.112 Oracle Coherence GE 12.1.2.0.0 <D5> (thread=Invocation:Management, member=n/a): Service Management left the cluster
2014-02-25 12:07:53.868/31.120 Oracle Coherence GE 12.1.2.0.0 <D5> (thread=DistributedCache:PartitionedPofCache, member=n/a): Service PartitionedPofCache left the cluster
2014-02-25 12:07:53.910/31.162 Oracle Coherence GE 12.1.2.0.0 <D5> (thread=Cluster, member=n/a): Service Cluster left the cluster
